<?xml version="1.0" encoding="UTF-8"?>
<testsuite name="Login Test"
           tests="3"
           failures="0"
           errors="0"
           skipped="0"
           time="4.156">
  <properties />
  
  
            <testcase name="verifyUserShouldNavigateToLaptopsAndNotebooksPageSuccessfully" time="1.358" classname="demo.com.tutorialninja.testsuite.TopMenuTest" />
                <testcase name="verifyUserShouldNavigateToDesktopsPageSuccessfully" time="1.695" classname="demo.com.tutorialninja.testsuite.TopMenuTest" />
                <testcase name="verifyUserShouldNavigateToComponentsPageSuccessfully" time="1.103" classname="demo.com.tutorialninja.testsuite.TopMenuTest" />
      
</testsuite>
