<?xml version="1.0" encoding="UTF-8"?>
<testsuite name="Login Test"
           tests="2"
           failures="0"
           errors="0"
           skipped="0"
           time="11.289">
  <properties />
  
  
            <testcase name="verifyProductsPriceDisplayHighToLowSuccessfully" time="4.774" classname="demo.com.tutorialninja.testsuite.LaptopsAndNotebooksPageTest" />
                <testcase name="verifyThatUserPlaceOrderSuccessfully" time="6.515" classname="demo.com.tutorialninja.testsuite.LaptopsAndNotebooksPageTest" />
      
</testsuite>
