<?xml version="1.0" encoding="UTF-8"?>
<testsuite name="Login Test"
           tests="2"
           failures="0"
           errors="0"
           skipped="0"
           time="8.129">
  <properties />
  
  
            <testcase name="verifyUserShouldNavigateToLoginPageSuccessfully" time="1.135" classname="demo.com.tutorialninja.testsuite.AccountRegisterPageTest" />
                <testcase name="verifyThatUserShouldLoginAndLogoutSuccessfully" time="6.994" classname="demo.com.tutorialninja.testsuite.AccountRegisterPageTest" />
      
</testsuite>
