<?xml version="1.0" encoding="UTF-8"?>
<testsuite name="Login Test"
           tests="2"
           failures="0"
           errors="0"
           skipped="0"
           time="26.208">
  <properties />
  
  
            <testcase name="verifyProductsPriceDisplayHighToLowSuccessfully" time="6.635" classname="demo.com.tutorialninja.testsuite.LaptopsAndNotebooksPageTest" />
                <testcase name="verifyThatUserPlaceOrderSuccessfully" time="19.573" classname="demo.com.tutorialninja.testsuite.LaptopsAndNotebooksPageTest" />
      
</testsuite>
