<?xml version="1.0" encoding="UTF-8"?>
<testsuite name="Login Test"
           tests="2"
           failures="0"
           errors="0"
           skipped="0"
           time="32.100">
  <properties />
  
  
            <testcase name="verifyProductArrangeInAlphabeticalOrder" time="13.585" classname="demo.com.tutorialninja.testsuite.DesktopsPageTest" />
                <testcase name="verifyProductAddedToShoppingCartSuccessFully" time="18.515" classname="demo.com.tutorialninja.testsuite.DesktopsPageTest" />
      
</testsuite>
