<?xml version="1.0" encoding="UTF-8"?>
<testsuite name="Login Test"
           tests="2"
           failures="0"
           errors="0"
           skipped="0"
           time="8.946">
  <properties />
  
  
            <testcase name="verifyThatUserShouldLoginAndLogoutSuccessfully" time="8.079" classname="demo.com.tutorialninja.testsuite.AccountLoginPageTest" />
                <testcase name="verifyUserShouldNavigateToLoginPageSuccessfully" time="0.867" classname="demo.com.tutorialninja.testsuite.AccountLoginPageTest" />
      
</testsuite>
