<?xml version="1.0" encoding="UTF-8"?>
<testsuite name="Login Test"
           tests="2"
           failures="0"
           errors="0"
           skipped="0"
           time="7.245">
  <properties />
  
  
            <testcase name="verifyThatUserShouldLoginAndLogoutSuccessfully" time="6.515" classname="demo.com.tutorialninja.testsuite.AccountRegisterPageTest" />
                <testcase name="verifyUserShouldNavigateToLoginPageSuccessfully" time="0.730" classname="demo.com.tutorialninja.testsuite.AccountRegisterPageTest" />
      
</testsuite>
